==PWD==
/workspace
==LS==
total 8
drwxrwxr-x 4 root root   64 Mar 28 16:18 .
drwxr-xr-x 1 root root 4096 Mar 28 16:06 ..
drwxrwxr-x 2 root root    6 Mar 28 16:06 .hf_home
drwxrwxr-x 3 root root   22 Mar 28 16:06 .venv-backups
-rw-rw-r-- 1 root root   26 Mar 28 16:18 env_check.log
==OS==
PRETTY_NAME="Ubuntu 24.04.4 LTS"
NAME="Ubuntu"
VERSION_ID="24.04"
VERSION="24.04.4 LTS (Noble Numbat)"
VERSION_CODENAME=noble
ID=ubuntu
ID_LIKE=debian
HOME_URL="https://www.ubuntu.com/"
SUPPORT_URL="https://help.ubuntu.com/"
BUG_REPORT_URL="https://bugs.launchpad.net/ubuntu/"
PRIVACY_POLICY_URL="https://www.ubuntu.com/legal/terms-and-policies/privacy-policy"
UBUNTU_CODENAME=noble
LOGO=ubuntu-logo
==PY==
Python 3.12.13
pip 26.0.1 from /venv/main/lib/python3.12/site-packages/pip (python 3.12)
==GIT==
git version 2.43.0
