/venv/lapa/lib/python3.10/site-packages/google/api_core/_python_version_support.py:275: FutureWarning: You are using a Python version (3.10.20) which Google will stop supporting in new releases of google.api_core once it reaches its end of life (2026-10-04). Please upgrade to the latest Python version, or at least Python 3.11, to continue receiving updates for google.api_core past that date.
  warnings.warn(message, FutureWarning)
/venv/lapa/lib/python3.10/site-packages/google/api_core/_python_version_support.py:275: FutureWarning: You are using a Python version (3.10.20) which Google will stop supporting in new releases of google.cloud.storage_control_v2 once it reaches its end of life (2026-10-04). Please upgrade to the latest Python version, or at least Python 3.11, to continue receiving updates for google.cloud.storage_control_v2 past that date.
  warnings.warn(message, FutureWarning)
Exception ignored in: <function _xla_gc_callback at 0x7ff0f36bcf70>
Traceback (most recent call last):
  File "/venv/lapa/lib/python3.10/site-packages/jax/_src/lib/__init__.py", line 97, in _xla_gc_callback
    def _xla_gc_callback(*args):
KeyboardInterrupt: 
Traceback (most recent call last):
  File "/venv/lapa/lib/python3.10/runpy.py", line 196, in _run_module_as_main
    return _run_code(code, main_globals, None,
  File "/venv/lapa/lib/python3.10/runpy.py", line 86, in _run_code
    exec(code, run_globals)
  File "/workspace/LAPA/latent_pretraining/inference.py", line 96, in <module>
    latent_action = lapa.inference(image, instruction)
  File "/workspace/LAPA/latent_pretraining/inference.py", line 35, in inference
    latent_output = self.model(prompts)
  File "/workspace/LAPA/latent_pretraining/sampler_latent_pretrain.py", line 221, in __call__
    latent_output = self.generate_video_pred(prompts=[text_prompt], images=batch['input_ids'], max_input_length=128)
  File "/workspace/LAPA/latent_pretraining/sampler_latent_pretrain.py", line 210, in generate_video_pred
    delta_output, sharded_rng = self._forward_generate(
  File "/venv/lapa/lib/python3.10/site-packages/jax/_src/traceback_util.py", line 179, in reraise_with_filtered_traceback
    return fun(*args, **kwargs)
  File "/venv/lapa/lib/python3.10/site-packages/jax/_src/pjit.py", line 257, in cache_miss
    outs, out_flat, out_tree, args_flat, jaxpr = _python_pjit_helper(
  File "/venv/lapa/lib/python3.10/site-packages/jax/_src/pjit.py", line 168, in _python_pjit_helper
    out_flat = pjit_p.bind(*args_flat, **params)
  File "/venv/lapa/lib/python3.10/site-packages/jax/_src/core.py", line 2740, in bind
    return self.bind_with_trace(top_trace, args, params)
  File "/venv/lapa/lib/python3.10/site-packages/jax/_src/core.py", line 447, in bind_with_trace
    out = trace.process_primitive(self, map(trace.full_raise, args), params)
  File "/venv/lapa/lib/python3.10/site-packages/jax/_src/core.py", line 935, in process_primitive
    return primitive.impl(*tracers, **params)
  File "/venv/lapa/lib/python3.10/site-packages/jax/_src/pjit.py", line 1245, in _pjit_call_impl
    return xc._xla.pjit(name, f, call_impl_cache_miss, [], [], donated_argnums,
  File "/venv/lapa/lib/python3.10/site-packages/jax/_src/pjit.py", line 1229, in call_impl_cache_miss
    out_flat, compiled = _pjit_call_impl_python(
  File "/venv/lapa/lib/python3.10/site-packages/jax/_src/pjit.py", line 1185, in _pjit_call_impl_python
    return compiled.unsafe_call(*args), compiled
  File "/venv/lapa/lib/python3.10/site-packages/jax/_src/profiler.py", line 336, in wrapper
    return func(*args, **kwargs)
  File "/venv/lapa/lib/python3.10/site-packages/jax/_src/interpreters/pxla.py", line 1159, in __call__
    results = self.xla_executable.execute_sharded(input_bufs)
KeyboardInterrupt
