/venv/lapa/lib/python3.10/site-packages/google/api_core/_python_version_support.py:275: FutureWarning: You are using a Python version (3.10.20) which Google will stop supporting in new releases of google.api_core once it reaches its end of life (2026-10-04). Please upgrade to the latest Python version, or at least Python 3.11, to continue receiving updates for google.api_core past that date.
  warnings.warn(message, FutureWarning)
/venv/lapa/lib/python3.10/site-packages/google/api_core/_python_version_support.py:275: FutureWarning: You are using a Python version (3.10.20) which Google will stop supporting in new releases of google.cloud.storage_control_v2 once it reaches its end of life (2026-10-04). Please upgrade to the latest Python version, or at least Python 3.11, to continue receiving updates for google.cloud.storage_control_v2 past that date.
  warnings.warn(message, FutureWarning)
2026-03-28 16:40:06.697443: E external/xla/xla/stream_executor/cuda/cuda_dnn.cc:461] Could not create cudnn handle: CUDNN_STATUS_INTERNAL_ERROR
2026-03-28 16:40:06.697500: E external/xla/xla/stream_executor/cuda/cuda_dnn.cc:465] Memory usage: 24863637504 bytes free, 25278087168 bytes total.
jax.errors.SimplifiedTraceback: For simplicity, JAX has removed its internal frames from the traceback of the following exception. Set JAX_TRACEBACK_FILTERING=off to include these.

The above exception was the direct cause of the following exception:

Traceback (most recent call last):
  File "/venv/lapa/lib/python3.10/runpy.py", line 196, in _run_module_as_main
    return _run_code(code, main_globals, None,
  File "/venv/lapa/lib/python3.10/runpy.py", line 86, in _run_code
    exec(code, run_globals)
  File "/workspace/LAPA/latent_pretraining/inference.py", line 69, in <module>
    set_random_seed(args.seed)
  File "/venv/lapa/lib/python3.10/site-packages/tux/jax_utils.py", line 143, in set_random_seed
    init_rng(seed)
  File "/venv/lapa/lib/python3.10/site-packages/tux/jax_utils.py", line 51, in init_rng
    jax_utils_rng = JaxRNG.from_seed(seed)
  File "/venv/lapa/lib/python3.10/site-packages/tux/jax_utils.py", line 19, in from_seed
    return cls(jax.random.PRNGKey(seed))
  File "/venv/lapa/lib/python3.10/site-packages/jax/_src/random.py", line 224, in PRNGKey
    return _return_prng_keys(True, _key('PRNGKey', seed, impl))
  File "/venv/lapa/lib/python3.10/site-packages/jax/_src/random.py", line 186, in _key
    return prng.random_seed(seed, impl=impl)
  File "/venv/lapa/lib/python3.10/site-packages/jax/_src/prng.py", line 733, in random_seed
    seeds_arr = jnp.asarray(np.int64(seeds))
  File "/venv/lapa/lib/python3.10/site-packages/jax/_src/numpy/lax_numpy.py", line 2206, in asarray
    return array(a, dtype=dtype, copy=False, order=order)  # type: ignore
  File "/venv/lapa/lib/python3.10/site-packages/jax/_src/numpy/lax_numpy.py", line 2171, in array
    out_array: Array = lax_internal._convert_element_type(
  File "/venv/lapa/lib/python3.10/site-packages/jax/_src/lax/lax.py", line 558, in _convert_element_type
    return convert_element_type_p.bind(operand, new_dtype=new_dtype,
  File "/venv/lapa/lib/python3.10/site-packages/jax/_src/core.py", line 444, in bind
    return self.bind_with_trace(find_top_trace(args), args, params)
  File "/venv/lapa/lib/python3.10/site-packages/jax/_src/core.py", line 447, in bind_with_trace
    out = trace.process_primitive(self, map(trace.full_raise, args), params)
  File "/venv/lapa/lib/python3.10/site-packages/jax/_src/core.py", line 935, in process_primitive
    return primitive.impl(*tracers, **params)
  File "/venv/lapa/lib/python3.10/site-packages/jax/_src/dispatch.py", line 87, in apply_primitive
    outs = fun(*args)
jaxlib.xla_extension.XlaRuntimeError: FAILED_PRECONDITION: DNN library initialization failed. Look at the errors above for more details.
ERROR conda.cli.main_run:execute(142): `conda run python -m latent_pretraining.inference` failed. (See above for error)
