HTTP/2 302 
content-type: text/plain; charset=utf-8
content-length: 1325
location: https://cas-bridge.xethub.hf.co/xet-bridge-us/67063753c00f5261cc75211a/9eb9d03e53f21fc4b2a233047ad37db8207bd5ef2a76e025293c6d8b359c1e63?X-Amz-Algorithm=AWS4-HMAC-SHA256&X-Amz-Content-Sha256=UNSIGNED-PAYLOAD&X-Amz-Credential=cas%2F20260328%2Fus-east-1%2Fs3%2Faws4_request&X-Amz-Date=20260328T164404Z&X-Amz-Expires=3600&X-Amz-Signature=0b3aa884a56f2146d5af8d78058bf7f5ffb9f82e8002b46f4c6368effec67fa4&X-Amz-SignedHeaders=host&X-Xet-Cas-Uid=public&response-content-disposition=inline%3B+filename*%3DUTF-8%27%27params%3B+filename%3D%22params%22%3B&x-amz-checksum-mode=ENABLED&x-id=GetObject&Expires=1774719844&Policy=eyJTdGF0ZW1lbnQiOlt7IkNvbmRpdGlvbiI6eyJEYXRlTGVzc1RoYW4iOnsiQVdTOkVwb2NoVGltZSI6MTc3NDcxOTg0NH19LCJSZXNvdXJjZSI6Imh0dHBzOi8vY2FzLWJyaWRnZS54ZXRodWIuaGYuY28veGV0LWJyaWRnZS11cy82NzA2Mzc1M2MwMGY1MjYxY2M3NTIxMWEvOWViOWQwM2U1M2YyMWZjNGIyYTIzMzA0N2FkMzdkYjgyMDdiZDVlZjJhNzZlMDI1MjkzYzZkOGIzNTljMWU2MyoifV19&Signature=AgBjfUOfPQuG8c7b7ZgBh9bNWNGv1sRHIScs5UytPug%7EOKgddJo3ese2tDTFihtxSDawTuKcT0sDdJgE3D8rChNEbf6KBXXQ6qaARHF032NCjQkHwgQEgfAYdon59Xo6Z5Z1XlqSIPoY0Xkdobm5AYa6Cpps-ARF23naMK-4Eu1-o%7EEK7DBL8JGuH7zTi%7E9TAHyQDPfDLRc2TM2Egu9bjEC3QU8CE1nBVsmCQQZP-4BR1VBonCos2ZX0fZ40FoXBgm41qBFCKYzOUiOY8nbVkGzA8ELHZkOj1H0HoxB8VJFoJSZ40Uo2q-l2grZR4e7ypQJtEB-xvDc3Dp6EA9%7EnMw__&Key-Pair-Id=K2L8F4GPSG1IFC
date: Sat, 28 Mar 2026 16:44:04 GMT
x-powered-by: huggingface-moon
x-request-id: Root=1-69c80554-09a5faf82b0d3c6902e3e9fb
ratelimit: "resolvers";r=2999;t=212
ratelimit-policy: "fixed window";"resolvers";q=3000;w=300
cross-origin-opener-policy: same-origin
referrer-policy: strict-origin-when-cross-origin
access-control-max-age: 86400
access-control-allow-origin: https://huggingface.co
vary: Origin, Accept
access-control-expose-headers: X-Repo-Commit,X-Request-Id,X-Error-Code,X-Error-Message,X-Total-Count,ETag,Link,Accept-Ranges,Content-Range,X-Linked-Size,X-Linked-ETag,X-Xet-Hash
x-repo-commit: b5397375f9dd5e07fcaf2e88e6da8690524058b2
accept-ranges: bytes
x-hf-warning: unauthenticated; Warning: You are sending unauthenticated requests to the HF Hub. Please set a HF_TOKEN to enable higher rate limits and faster downloads.
x-hub-cache: MISS
x-linked-size: 13615375812
x-linked-etag: "c0da335c8a16caf93646cc296515cb0fb583673d6867f87fa0f87bb3e1ae57fe"
x-xet-hash: 9eb9d03e53f21fc4b2a233047ad37db8207bd5ef2a76e025293c6d8b359c1e63
link: <https://huggingface.co/api/models/latent-action-pretraining/LAPA-7B-openx/xet-read-token/b5397375f9dd5e07fcaf2e88e6da8690524058b2>; rel="xet-auth", <https://cas-server.xethub.hf.co/v1/reconstructions/9eb9d03e53f21fc4b2a233047ad37db8207bd5ef2a76e025293c6d8b359c1e63>; rel="xet-reconstruction-info"
x-cache: Miss from cloudfront
via: 1.1 38bf1dd1623b4168f1f298799f6898c4.cloudfront.net (CloudFront)
x-amz-cf-pop: OSL50-P3
x-amz-cf-id: rerJkGqwyv9Oj3lJKUKzyZS_TjPCKkKB0-APKJbOS4zumy_0r8MEOw==

HTTP/1.1 200 OK
Content-Length: 13615375812
Connection: keep-alive
Content-Disposition: inline; filename*=UTF-8''params; filename="params";
Cache-Control: public, max-age=31536000
ETag: "9eb9d03e53f21fc4b2a233047ad37db8207bd5ef2a76e025293c6d8b359c1e63"
Accept-Ranges: bytes
access-control-allow-credentials: true
access-control-expose-headers: accept-ranges,content-range,content-type,content-disposition,etag,x-cache
x-request-id: 01KMTN9N1CC2N3JHHW37CQ0VFC
Date: Sat, 28 Mar 2026 16:44:05 GMT
Vary: origin,access-control-request-method,access-control-request-headers
X-Cache: Miss from cloudfront
Via: 1.1 652549e0dcae9775148cb207792b2a40.cloudfront.net (CloudFront)
X-Amz-Cf-Pop: OSL50-P3
X-Amz-Cf-Id: tX_7ESCLLAYB5sRfcyqZayNizQ-PYjiOfwyofhrwK_U5vi5flLxzXA==
Content-Security-Policy: default-src 'none'; media-src 'self'; sandbox allow-same-origin

