Collecting datasets
  Downloading datasets-4.8.4-py3-none-any.whl.metadata (19 kB)
Collecting decord
  Using cached decord-0.6.0-py3-none-manylinux2010_x86_64.whl.metadata (422 bytes)
Collecting tiktoken
  Using cached tiktoken-0.12.0-cp310-cp310-manylinux_2_28_x86_64.whl.metadata (6.7 kB)
Collecting uvicorn
  Using cached uvicorn-0.42.0-py3-none-any.whl.metadata (6.7 kB)
Collecting fastapi
  Using cached fastapi-0.135.2-py3-none-any.whl.metadata (28 kB)
Requirement already satisfied: filelock in /venv/lapa/lib/python3.10/site-packages (from datasets) (3.25.2)
Requirement already satisfied: numpy>=1.17 in /venv/lapa/lib/python3.10/site-packages (from datasets) (1.26.4)
Collecting pyarrow>=21.0.0 (from datasets)
  Using cached pyarrow-23.0.1-cp310-cp310-manylinux_2_28_x86_64.whl.metadata (3.1 kB)
Collecting dill<0.4.2,>=0.3.0 (from datasets)
  Downloading dill-0.4.1-py3-none-any.whl.metadata (10 kB)
Collecting pandas (from datasets)
  Using cached pandas-2.3.3-cp310-cp310-manylinux_2_24_x86_64.manylinux_2_28_x86_64.whl.metadata (91 kB)
Requirement already satisfied: requests>=2.32.2 in /venv/lapa/lib/python3.10/site-packages (from datasets) (2.33.0)
Requirement already satisfied: httpx<1.0.0 in /venv/lapa/lib/python3.10/site-packages (from datasets) (0.28.1)
Requirement already satisfied: tqdm>=4.66.3 in /venv/lapa/lib/python3.10/site-packages (from datasets) (4.67.3)
Collecting xxhash (from datasets)
  Using cached xxhash-3.6.0-cp310-cp310-manylinux2014_x86_64.manylinux_2_17_x86_64.manylinux_2_28_x86_64.whl.metadata (13 kB)
Collecting multiprocess<0.70.20 (from datasets)
  Using cached multiprocess-0.70.19-py310-none-any.whl.metadata (7.5 kB)
Collecting fsspec<=2026.2.0,>=2023.1.0 (from fsspec[http]<=2026.2.0,>=2023.1.0->datasets)
  Downloading fsspec-2026.2.0-py3-none-any.whl.metadata (10 kB)
Requirement already satisfied: huggingface-hub<2.0,>=0.25.0 in /venv/lapa/lib/python3.10/site-packages (from datasets) (0.36.2)
Requirement already satisfied: packaging in /venv/lapa/lib/python3.10/site-packages (from datasets) (26.0)
Requirement already satisfied: pyyaml>=5.1 in /venv/lapa/lib/python3.10/site-packages (from datasets) (6.0.3)
Requirement already satisfied: aiohttp!=4.0.0a0,!=4.0.0a1 in /venv/lapa/lib/python3.10/site-packages (from fsspec[http]<=2026.2.0,>=2023.1.0->datasets) (3.13.3)
Requirement already satisfied: anyio in /venv/lapa/lib/python3.10/site-packages (from httpx<1.0.0->datasets) (4.13.0)
Requirement already satisfied: certifi in /venv/lapa/lib/python3.10/site-packages (from httpx<1.0.0->datasets) (2026.2.25)
Requirement already satisfied: httpcore==1.* in /venv/lapa/lib/python3.10/site-packages (from httpx<1.0.0->datasets) (1.0.9)
Requirement already satisfied: idna in /venv/lapa/lib/python3.10/site-packages (from httpx<1.0.0->datasets) (3.11)
Requirement already satisfied: h11>=0.16 in /venv/lapa/lib/python3.10/site-packages (from httpcore==1.*->httpx<1.0.0->datasets) (0.16.0)
Requirement already satisfied: hf-xet<2.0.0,>=1.1.3 in /venv/lapa/lib/python3.10/site-packages (from huggingface-hub<2.0,>=0.25.0->datasets) (1.4.2)
Requirement already satisfied: typing-extensions>=3.7.4.3 in /venv/lapa/lib/python3.10/site-packages (from huggingface-hub<2.0,>=0.25.0->datasets) (4.15.0)
Requirement already satisfied: regex>=2022.1.18 in /venv/lapa/lib/python3.10/site-packages (from tiktoken) (2026.2.28)
Requirement already satisfied: click>=7.0 in /venv/lapa/lib/python3.10/site-packages (from uvicorn) (8.3.1)
Collecting starlette>=0.46.0 (from fastapi)
  Using cached starlette-1.0.0-py3-none-any.whl.metadata (6.3 kB)
Requirement already satisfied: pydantic>=2.9.0 in /venv/lapa/lib/python3.10/site-packages (from fastapi) (2.12.5)
Requirement already satisfied: typing-inspection>=0.4.2 in /venv/lapa/lib/python3.10/site-packages (from fastapi) (0.4.2)
Requirement already satisfied: annotated-doc>=0.0.2 in /venv/lapa/lib/python3.10/site-packages (from fastapi) (0.0.4)
Requirement already satisfied: aiohappyeyeballs>=2.5.0 in /venv/lapa/lib/python3.10/site-packages (from aiohttp!=4.0.0a0,!=4.0.0a1->fsspec[http]<=2026.2.0,>=2023.1.0->datasets) (2.6.1)
Requirement already satisfied: aiosignal>=1.4.0 in /venv/lapa/lib/python3.10/site-packages (from aiohttp!=4.0.0a0,!=4.0.0a1->fsspec[http]<=2026.2.0,>=2023.1.0->datasets) (1.4.0)
Requirement already satisfied: async-timeout<6.0,>=4.0 in /venv/lapa/lib/python3.10/site-packages (from aiohttp!=4.0.0a0,!=4.0.0a1->fsspec[http]<=2026.2.0,>=2023.1.0->datasets) (5.0.1)
Requirement already satisfied: attrs>=17.3.0 in /venv/lapa/lib/python3.10/site-packages (from aiohttp!=4.0.0a0,!=4.0.0a1->fsspec[http]<=2026.2.0,>=2023.1.0->datasets) (26.1.0)
Requirement already satisfied: frozenlist>=1.1.1 in /venv/lapa/lib/python3.10/site-packages (from aiohttp!=4.0.0a0,!=4.0.0a1->fsspec[http]<=2026.2.0,>=2023.1.0->datasets) (1.8.0)
Requirement already satisfied: multidict<7.0,>=4.5 in /venv/lapa/lib/python3.10/site-packages (from aiohttp!=4.0.0a0,!=4.0.0a1->fsspec[http]<=2026.2.0,>=2023.1.0->datasets) (6.7.1)
Requirement already satisfied: propcache>=0.2.0 in /venv/lapa/lib/python3.10/site-packages (from aiohttp!=4.0.0a0,!=4.0.0a1->fsspec[http]<=2026.2.0,>=2023.1.0->datasets) (0.4.1)
Requirement already satisfied: yarl<2.0,>=1.17.0 in /venv/lapa/lib/python3.10/site-packages (from aiohttp!=4.0.0a0,!=4.0.0a1->fsspec[http]<=2026.2.0,>=2023.1.0->datasets) (1.23.0)
Requirement already satisfied: annotated-types>=0.6.0 in /venv/lapa/lib/python3.10/site-packages (from pydantic>=2.9.0->fastapi) (0.7.0)
Requirement already satisfied: pydantic-core==2.41.5 in /venv/lapa/lib/python3.10/site-packages (from pydantic>=2.9.0->fastapi) (2.41.5)
Requirement already satisfied: charset_normalizer<4,>=2 in /venv/lapa/lib/python3.10/site-packages (from requests>=2.32.2->datasets) (3.4.6)
Requirement already satisfied: urllib3<3,>=1.26 in /venv/lapa/lib/python3.10/site-packages (from requests>=2.32.2->datasets) (2.6.3)
Requirement already satisfied: exceptiongroup>=1.0.2 in /venv/lapa/lib/python3.10/site-packages (from anyio->httpx<1.0.0->datasets) (1.3.1)
Collecting python-dateutil>=2.8.2 (from pandas->datasets)
  Using cached python_dateutil-2.9.0.post0-py2.py3-none-any.whl.metadata (8.4 kB)
Collecting pytz>=2020.1 (from pandas->datasets)
  Using cached pytz-2026.1.post1-py2.py3-none-any.whl.metadata (22 kB)
Collecting tzdata>=2022.7 (from pandas->datasets)
  Using cached tzdata-2025.3-py2.py3-none-any.whl.metadata (1.4 kB)
Collecting six>=1.5 (from python-dateutil>=2.8.2->pandas->datasets)
  Using cached six-1.17.0-py2.py3-none-any.whl.metadata (1.7 kB)
Downloading datasets-4.8.4-py3-none-any.whl (526 kB)
   ━━━━━━━━━━━━━━━━━━━━━━━━━━━━━━━━━━━━━━━━ 527.0/527.0 kB 31.3 MB/s  0:00:00
Downloading dill-0.4.1-py3-none-any.whl (120 kB)
Downloading fsspec-2026.2.0-py3-none-any.whl (202 kB)
Downloading multiprocess-0.70.19-py310-none-any.whl (134 kB)
Using cached decord-0.6.0-py3-none-manylinux2010_x86_64.whl (13.6 MB)
Using cached tiktoken-0.12.0-cp310-cp310-manylinux_2_28_x86_64.whl (1.2 MB)
Using cached uvicorn-0.42.0-py3-none-any.whl (68 kB)
Using cached fastapi-0.135.2-py3-none-any.whl (117 kB)
Using cached pyarrow-23.0.1-cp310-cp310-manylinux_2_28_x86_64.whl (47.6 MB)
Using cached starlette-1.0.0-py3-none-any.whl (72 kB)
Using cached pandas-2.3.3-cp310-cp310-manylinux_2_24_x86_64.manylinux_2_28_x86_64.whl (12.8 MB)
Using cached python_dateutil-2.9.0.post0-py2.py3-none-any.whl (229 kB)
Using cached pytz-2026.1.post1-py2.py3-none-any.whl (510 kB)
Using cached six-1.17.0-py2.py3-none-any.whl (11 kB)
Using cached tzdata-2025.3-py2.py3-none-any.whl (348 kB)
Using cached xxhash-3.6.0-cp310-cp310-manylinux2014_x86_64.manylinux_2_17_x86_64.manylinux_2_28_x86_64.whl (193 kB)
Installing collected packages: pytz, xxhash, uvicorn, tzdata, six, pyarrow, fsspec, dill, decord, tiktoken, python-dateutil, multiprocess, starlette, pandas, fastapi, datasets
  Attempting uninstall: fsspec
    Found existing installation: fsspec 2026.3.0
    Uninstalling fsspec-2026.3.0:
      Successfully uninstalled fsspec-2026.3.0

Successfully installed datasets-4.8.4 decord-0.6.0 dill-0.4.1 fastapi-0.135.2 fsspec-2026.2.0 multiprocess-0.70.19 pandas-2.3.3 pyarrow-23.0.1 python-dateutil-2.9.0.post0 pytz-2026.1.post1 six-1.17.0 starlette-1.0.0 tiktoken-0.12.0 tzdata-2025.3 uvicorn-0.42.0 xxhash-3.6.0
ERROR: pip's dependency resolver does not currently take into account all the packages that are installed. This behaviour is the source of the following dependency conflicts.
gcsfs 2026.3.0 requires fsspec==2026.3.0, but you have fsspec 2026.2.0 which is incompatible.
WARNING: Running pip as the 'root' user can result in broken permissions and conflicting behaviour with the system package manager, possibly rendering your system unusable. It is recommended to use a virtual environment instead: https://pip.pypa.io/warnings/venv. Use the --root-user-action option if you know what you are doing and want to suppress this warning.
